[debug] > Exec(early(addDefaultCommands), None, None)
[debug] > Exec(addDefaultCommands, None, None)
[debug] > Exec(early(initialize), None, None)
[debug] > Exec(initialize, None, None)
[debug] > Exec(boot, None, None)
[debug] > Exec(writeSbtVersion, None, None)
[debug] > Exec(reload, None, None)
[debug] > Exec(sbtStashOnFailure, None, None)
[debug] > Exec(onFailure loadFailed, None, None)
[debug] > Exec(loadp, None, None)
[info] welcome to sbt 1.9.0 (Oracle Corporation Java 17.0.12)
[debug] Load.defaultLoad until apply took 136.0846ms
[debug]                 Load.loadUnit: plugins took 154.820899ms
[debug]                 Load.loadUnit: defsScala took 0.4715ms
[debug] [Loading] Scanning directory C:\Users\aden.clymer\OneDrive - West Point\Classes\2025-2 Classes\Day 1\CS385\hw11-Careless03\project\project
[debug]                   Load.loadUnit: mkEval took 9.4141ms
[debug] [Loading] Found non-root projects 
[debug] [Loading] Done in C:\Users\aden.clymer\OneDrive - West Point\Classes\2025-2 Classes\Day 1\CS385\hw11-Careless03\project\project, returning: ()
[debug] deducing auto plugins based on known facts Set(Atom(sbt.plugins.CorePlugin)) and clauses Clauses(Clause(Atom(sbt.plugins.JvmPlugin),Set(Atom(sbt.plugins.IvyPlugin)))
[debug] Clause(Atom(sbt.ScriptedPlugin),Set(Atom(sbt.plugins.JvmPlugin)))
[debug] Clause(Atom(sbt.plugins.SbtPlugin),Set(Atom(sbt.ScriptedPlugin)))
[debug] Clause(Atom(sbt.plugins.SemanticdbPlugin),Set(Atom(sbt.plugins.JvmPlugin)))
[debug] Clause(Atom(sbt.plugins.JUnitXmlReportPlugin),Set(Atom(sbt.plugins.JvmPlugin)))
[debug] Clause(Atom(sbt.plugins.MiniDependencyTreePlugin),Set(Atom(sbt.plugins.JvmPlugin)))
[debug] Clause(Atom(sbt.plugins.CorePlugin),Set(Atom(sbt.plugins.IvyPlugin)))
[debug] Clause(Atom(sbt.plugins.IvyPlugin),Set(Atom(sbt.plugins.JvmPlugin)))
[debug] Clause(Atom(sbt.plugins.JvmPlugin),Set(Atom(sbt.plugins.SemanticdbPlugin)))
[debug] Clause(Atom(sbt.plugins.JvmPlugin),Set(Atom(sbt.plugins.JUnitXmlReportPlugin)))
[debug] Clause(Atom(sbt.plugins.CorePlugin),Set(Atom(sbt.plugins.Giter8TemplatePlugin)))
[debug] Clause(Atom(sbt.plugins.JvmPlugin),Set(Atom(sbt.plugins.MiniDependencyTreePlugin))))
[debug]   :: deduced result: Matched(sbt.plugins.CorePlugin,sbt.plugins.Giter8TemplatePlugin,sbt.plugins.IvyPlugin,sbt.plugins.JvmPlugin,sbt.plugins.MiniDependencyTreePlugin,sbt.plugins.JUnitXmlReportPlugin,sbt.plugins.SemanticdbPlugin)
[debug] Plugins.deducer#function took 25.2348 ms
[info] loading settings for project hw11-careless03-build-build from metals.sbt ...
[debug]                     Load.resolveProject(hw11-careless03-build-build) took 53.616899ms
[debug]                   Load.loadTransitive: finalizeProject(Project(id hw11-careless03-build-build, base: C:\Users\aden.clymer\OneDrive - West Point\Classes\2025-2 Classes\Day 1\CS385\hw11-Careless03\project\project, plugins: List(<none>))) took 105.5759ms
[debug] [Loading] Done in C:\Users\aden.clymer\OneDrive - West Point\Classes\2025-2 Classes\Day 1\CS385\hw11-Careless03\project\project, returning: (hw11-careless03-build-build)
[debug]                 Load.loadUnit: loadedProjectsRaw took 997.8204ms
[debug]                 Load.loadUnit: cleanEvalClasses took 16.03ms
[debug]               Load.loadUnit(file:/C:/Users/aden.clymer/OneDrive%20-%20West%20Point/Classes/2025-2%20Classes/Day%201/CS385/hw11-Careless03/project/project/, ...) took 1187.5067ms
[debug]             Load.apply: load took 1329.957301ms
[debug]             Load.apply: resolveProjects took 8.1232ms
[debug]             Load.apply: finalTransforms took 104.193ms
[debug]             Load.apply: config.delegates took 9.9294ms
[debug]             Load.apply: Def.make(settings)... took 468.355801ms
[debug]             Load.apply: structureIndex took 126.280899ms
[debug]             Load.apply: mkStreams took 2.0658ms
[info] loading project definition from C:\Users\aden.clymer\OneDrive - West Point\Classes\2025-2 Classes\Day 1\CS385\hw11-Careless03\project\project
[debug] Running task... Cancel: Signal, check cycles: false, forcegc: true
[debug]           Load.loadUnit: plugins took 3263.1222ms
[debug]           Load.loadUnit: defsScala took 0.0063ms
[debug] [Loading] Scanning directory C:\Users\aden.clymer\OneDrive - West Point\Classes\2025-2 Classes\Day 1\CS385\hw11-Careless03\project
[debug]             Load.loadUnit: mkEval took 0.874101ms
[debug] [Loading] Found non-root projects 
[debug] [Loading] Done in C:\Users\aden.clymer\OneDrive - West Point\Classes\2025-2 Classes\Day 1\CS385\hw11-Careless03\project, returning: ()
[debug] deducing auto plugins based on known facts Set(Atom(sbt.plugins.CorePlugin)) and clauses Clauses(Clause(Atom(sbt.plugins.JvmPlugin),Set(Atom(sbt.plugins.IvyPlugin)))
[debug] Clause(Atom(sbt.ScriptedPlugin),Set(Atom(sbt.plugins.JvmPlugin)))
[debug] Clause(Atom(sbt.plugins.SbtPlugin),Set(Atom(sbt.ScriptedPlugin)))
[debug] Clause(Atom(sbt.plugins.SemanticdbPlugin),Set(Atom(sbt.plugins.JvmPlugin)))
[debug] Clause(Atom(sbt.plugins.JUnitXmlReportPlugin),Set(Atom(sbt.plugins.JvmPlugin)))
[debug] Clause(Atom(sbt.plugins.MiniDependencyTreePlugin),Set(Atom(sbt.plugins.JvmPlugin)))
[debug] Clause(Atom(bloop.integrations.sbt.BloopPlugin),Set(Atom(sbt.plugins.JvmPlugin)))
[debug] Clause(Atom(sbt.plugins.CorePlugin),Set(Atom(sbt.plugins.IvyPlugin)))
[debug] Clause(Atom(sbt.plugins.IvyPlugin),Set(Atom(sbt.plugins.JvmPlugin)))
[debug] Clause(Atom(sbt.plugins.JvmPlugin),Set(Atom(sbt.plugins.SemanticdbPlugin)))
[debug] Clause(Atom(sbt.plugins.JvmPlugin),Set(Atom(sbt.plugins.JUnitXmlReportPlugin)))
[debug] Clause(Atom(sbt.plugins.CorePlugin),Set(Atom(sbt.plugins.Giter8TemplatePlugin)))
[debug] Clause(Atom(sbt.plugins.JvmPlugin),Set(Atom(sbt.plugins.MiniDependencyTreePlugin)))
[debug] Clause(Atom(sbt.plugins.JvmPlugin),Set(Atom(bloop.integrations.sbt.BloopPlugin))))
[debug]   :: deduced result: Matched(sbt.plugins.CorePlugin,sbt.plugins.Giter8TemplatePlugin,sbt.plugins.IvyPlugin,sbt.plugins.JvmPlugin,bloop.integrations.sbt.BloopPlugin,sbt.plugins.MiniDependencyTreePlugin,sbt.plugins.JUnitXmlReportPlugin,sbt.plugins.SemanticdbPlugin)
[debug] Plugins.deducer#function took 2.6238 ms
[info] loading settings for project hw11-careless03-build from metals.sbt ...
[debug]               Load.resolveProject(hw11-careless03-build) took 22.4687ms
[debug]             Load.loadTransitive: finalizeProject(Project(id hw11-careless03-build, base: C:\Users\aden.clymer\OneDrive - West Point\Classes\2025-2 Classes\Day 1\CS385\hw11-Careless03\project, plugins: List(<none>))) took 25.7581ms
[debug] [Loading] Done in C:\Users\aden.clymer\OneDrive - West Point\Classes\2025-2 Classes\Day 1\CS385\hw11-Careless03\project, returning: (hw11-careless03-build)
[debug]           Load.loadUnit: loadedProjectsRaw took 77.2794ms
[debug]           Load.loadUnit: cleanEvalClasses took 8.551ms
[debug]         Load.loadUnit(file:/C:/Users/aden.clymer/OneDrive%20-%20West%20Point/Classes/2025-2%20Classes/Day%201/CS385/hw11-Careless03/project/, ...) took 3353.4282ms
[debug]       Load.apply: load took 3357.259801ms
[debug]       Load.apply: resolveProjects took 0.211901ms
[debug]       Load.apply: finalTransforms took 19.895001ms
[debug]       Load.apply: config.delegates took 0.441099ms
[debug]       Load.apply: Def.make(settings)... took 124.8154ms
[debug]       Load.apply: structureIndex took 38.0941ms
[debug]       Load.apply: mkStreams took 0.0031ms
[info] loading project definition from C:\Users\aden.clymer\OneDrive - West Point\Classes\2025-2 Classes\Day 1\CS385\hw11-Careless03\project
[debug] Evaluating tasks: bloopInstall
[debug] Running task... Cancel: Signal, check cycles: false, forcegc: true
[success] Generated .bloop\hw11-careless03-build.json
[success] Total time: 3 s, completed Apr 29, 2025, 6:29:28 PM
[debug] Running task... Cancel: Signal, check cycles: false, forcegc: true
[debug]     Load.loadUnit: plugins took 7164.3805ms
[debug]     Load.loadUnit: defsScala took 0.0047ms
[debug] [Loading] Scanning directory C:\Users\aden.clymer\OneDrive - West Point\Classes\2025-2 Classes\Day 1\CS385\hw11-Careless03
[debug]       Load.loadUnit: mkEval took 1.491901ms
[debug] [Loading] Found root project root w/ remaining 
[debug] deducing auto plugins based on known facts Set(Atom(sbt.plugins.CorePlugin)) and clauses Clauses(Clause(Atom(sbt.plugins.JvmPlugin),Set(Atom(sbt.plugins.IvyPlugin)))
[debug] Clause(Atom(sbt.ScriptedPlugin),Set(Atom(sbt.plugins.JvmPlugin)))
[debug] Clause(Atom(sbt.plugins.SbtPlugin),Set(Atom(sbt.ScriptedPlugin)))
[debug] Clause(Atom(sbt.plugins.SemanticdbPlugin),Set(Atom(sbt.plugins.JvmPlugin)))
[debug] Clause(Atom(sbt.plugins.JUnitXmlReportPlugin),Set(Atom(sbt.plugins.JvmPlugin)))
[debug] Clause(Atom(sbt.plugins.MiniDependencyTreePlugin),Set(Atom(sbt.plugins.JvmPlugin)))
[debug] Clause(Atom(bloop.integrations.sbt.BloopPlugin),Set(Atom(sbt.plugins.JvmPlugin)))
[debug] Clause(Atom(sbt.plugins.CorePlugin),Set(Atom(sbt.plugins.IvyPlugin)))
[debug] Clause(Atom(sbt.plugins.IvyPlugin),Set(Atom(sbt.plugins.JvmPlugin)))
[debug] Clause(Atom(sbt.plugins.JvmPlugin),Set(Atom(sbt.plugins.SemanticdbPlugin)))
[debug] Clause(Atom(sbt.plugins.JvmPlugin),Set(Atom(sbt.plugins.JUnitXmlReportPlugin)))
[debug] Clause(Atom(sbt.plugins.CorePlugin),Set(Atom(sbt.plugins.Giter8TemplatePlugin)))
[debug] Clause(Atom(sbt.plugins.JvmPlugin),Set(Atom(sbt.plugins.MiniDependencyTreePlugin)))
[debug] Clause(Atom(sbt.plugins.JvmPlugin),Set(Atom(bloop.integrations.sbt.BloopPlugin))))
[debug]   :: deduced result: Matched(sbt.plugins.CorePlugin,sbt.plugins.Giter8TemplatePlugin,sbt.plugins.IvyPlugin,sbt.plugins.JvmPlugin,bloop.integrations.sbt.BloopPlugin,sbt.plugins.MiniDependencyTreePlugin,sbt.plugins.JUnitXmlReportPlugin,sbt.plugins.SemanticdbPlugin)
[debug] Plugins.deducer#function took 1.699401 ms
[info] loading settings for project root from build.sbt ...
[debug]         Load.resolveProject(root) took 19.9973ms
[debug]       Load.loadTransitive: finalizeProject(Project(id root, base: C:\Users\aden.clymer\OneDrive - West Point\Classes\2025-2 Classes\Day 1\CS385\hw11-Careless03, plugins: List(<none>))) took 23.0925ms
[debug] [Loading] Done in C:\Users\aden.clymer\OneDrive - West Point\Classes\2025-2 Classes\Day 1\CS385\hw11-Careless03, returning: (root)
[debug]     Load.loadUnit: loadedProjectsRaw took 87.5196ms
[debug]     Load.loadUnit: cleanEvalClasses took 7.935701ms
[debug]   Load.loadUnit(file:/C:/Users/aden.clymer/OneDrive%20-%20West%20Point/Classes/2025-2%20Classes/Day%201/CS385/hw11-Careless03/, ...) took 7262.4756ms
[debug] Load.apply: load took 7307.452699ms
[debug] Load.apply: resolveProjects took 0.1348ms
[debug] Load.apply: finalTransforms took 14.736101ms
[debug] Load.apply: config.delegates took 0.3857ms
[debug] Load.apply: Def.make(settings)... took 154.64ms
[debug] Load.apply: structureIndex took 29.2206ms
[debug] Load.apply: mkStreams took 0.003001ms
[info] set current project to homeworks (in build file:/C:/Users/aden.clymer/OneDrive%20-%20West%20Point/Classes/2025-2%20Classes/Day%201/CS385/hw11-Careless03/)
[debug] > Exec(sbtPopOnFailure, None, None)
[debug] > Exec(resumeFromFailure, None, None)
[debug] > Exec(notifyUsersAboutShell, None, None)
[debug] > Exec(iflast shell, None, None)
[debug] > Exec(run 7 15, None, None)
[debug] Evaluating tasks: Compile / run
