[0m[[0m[0mdebug[0m] [0m[0m> Exec(early(addDefaultCommands), None, None)[0m
[0m[[0m[0mdebug[0m] [0m[0m> Exec(addDefaultCommands, None, None)[0m
[0m[[0m[0mdebug[0m] [0m[0m> Exec(early(initialize), None, None)[0m
[0m[[0m[0mdebug[0m] [0m[0m> Exec(initialize, None, None)[0m
[0m[[0m[0mdebug[0m] [0m[0m> Exec(boot, None, None)[0m
[0m[[0m[0mdebug[0m] [0m[0m> Exec(writeSbtVersion, None, None)[0m
[0m[[0m[33mwarn[0m] [0m[0mNo sbt.version set in project/build.properties, base directory: C:\Users\aden.clymer\OneDrive - West Point\Classes\2025-1 Classes\Day 2\CS478\hw10[0m
[0m[[0m[0mdebug[0m] [0m[0m> Exec(reload, None, None)[0m
[0m[[0m[0mdebug[0m] [0m[0m> Exec(sbtStashOnFailure, None, None)[0m
[0m[[0m[0mdebug[0m] [0m[0m> Exec(onFailure loadFailed, None, None)[0m
[0m[[0m[0mdebug[0m] [0m[0m> Exec(loadp, None, None)[0m
[0m[[0m[0minfo[0m] [0m[0mwelcome to sbt 1.9.0 (Oracle Corporation Java 21.0.4)[0m
[0m[[0m[0mdebug[0m] [0m[0mLoad.defaultLoad until apply took 115.4248ms[0m
[0m[[0m[0mdebug[0m] [0m[0m    Load.loadUnit: plugins took 133.8674ms[0m
[0m[[0m[0mdebug[0m] [0m[0m    Load.loadUnit: defsScala took 0.431ms[0m
[0m[[0m[0mdebug[0m] [0m[0m[Loading] Scanning directory C:\Users\aden.clymer\OneDrive - West Point\Classes\2025-1 Classes\Day 2\CS478\hw10[0m
[0m[[0m[0mdebug[0m] [0m[0m[Loading] Found non-root projects [0m
[0m[[0m[0mdebug[0m] [0m[0m[Loading] Done in C:\Users\aden.clymer\OneDrive - West Point\Classes\2025-1 Classes\Day 2\CS478\hw10, returning: ()[0m
[0m[[0m[0mdebug[0m] [0m[0mdeducing auto plugins based on known facts Set(Atom(sbt.plugins.CorePlugin)) and clauses Clauses(Clause(Atom(sbt.plugins.JvmPlugin),Set(Atom(sbt.plugins.IvyPlugin)))[0m
[0m[[0m[0mdebug[0m] [0m[0mClause(Atom(sbt.ScriptedPlugin),Set(Atom(sbt.plugins.JvmPlugin)))[0m
[0m[[0m[0mdebug[0m] [0m[0mClause(Atom(sbt.plugins.SbtPlugin),Set(Atom(sbt.ScriptedPlugin)))[0m
[0m[[0m[0mdebug[0m] [0m[0mClause(Atom(sbt.plugins.SemanticdbPlugin),Set(Atom(sbt.plugins.JvmPlugin)))[0m
[0m[[0m[0mdebug[0m] [0m[0mClause(Atom(sbt.plugins.JUnitXmlReportPlugin),Set(Atom(sbt.plugins.JvmPlugin)))[0m
[0m[[0m[0mdebug[0m] [0m[0mClause(Atom(sbt.plugins.MiniDependencyTreePlugin),Set(Atom(sbt.plugins.JvmPlugin)))[0m
[0m[[0m[0mdebug[0m] [0m[0mClause(Atom(sbt.plugins.CorePlugin),Set(Atom(sbt.plugins.IvyPlugin)))[0m
[0m[[0m[0mdebug[0m] [0m[0mClause(Atom(sbt.plugins.IvyPlugin),Set(Atom(sbt.plugins.JvmPlugin)))[0m
[0m[[0m[0mdebug[0m] [0m[0mClause(Atom(sbt.plugins.JvmPlugin),Set(Atom(sbt.plugins.SemanticdbPlugin)))[0m
[0m[[0m[0mdebug[0m] [0m[0mClause(Atom(sbt.plugins.JvmPlugin),Set(Atom(sbt.plugins.JUnitXmlReportPlugin)))[0m
[0m[[0m[0mdebug[0m] [0m[0mClause(Atom(sbt.plugins.CorePlugin),Set(Atom(sbt.plugins.Giter8TemplatePlugin)))[0m
[0m[[0m[0mdebug[0m] [0m[0mClause(Atom(sbt.plugins.JvmPlugin),Set(Atom(sbt.plugins.MiniDependencyTreePlugin))))[0m
[0m[[0m[0mdebug[0m] [0m[0m  :: deduced result: Matched(sbt.plugins.CorePlugin,sbt.plugins.Giter8TemplatePlugin,sbt.plugins.IvyPlugin,sbt.plugins.JvmPlugin,sbt.plugins.MiniDependencyTreePlugin,sbt.plugins.JUnitXmlReportPlugin,sbt.plugins.SemanticdbPlugin)[0m
[0m[[0m[0mdebug[0m] [0m[0mPlugins.deducer#function took 23.3906 ms[0m
[0m[[0m[0mdebug[0m] [0m[0m        Load.resolveProject(hw10) took 100.6257ms[0m
[0m[[0m[0mdebug[0m] [0m[0m      Load.loadTransitive: finalizeProject(Project(id hw10, base: C:\Users\aden.clymer\OneDrive - West Point\Classes\2025-1 Classes\Day 2\CS478\hw10, plugins: List(<none>))) took 154.2677ms[0m
[0m[[0m[0mdebug[0m] [0m[0m[Loading] Done in C:\Users\aden.clymer\OneDrive - West Point\Classes\2025-1 Classes\Day 2\CS478\hw10, returning: (hw10)[0m
[0m[[0m[0mdebug[0m] [0m[0m    Load.loadUnit: loadedProjectsRaw took 186.366ms[0m
[0m[[0m[0mdebug[0m] [0m[0m    Load.loadUnit: cleanEvalClasses took 0.4706ms[0m
[0m[[0m[0mdebug[0m] [0m[0m  Load.loadUnit(file:/C:/Users/aden.clymer/OneDrive%20-%20West%20Point/Classes/2025-1%20Classes/Day%202/CS478/hw10/, ...) took 333.2916ms[0m
[0m[[0m[0mdebug[0m] [0m[0mLoad.apply: load took 848.9219ms[0m
[0m[[0m[0mdebug[0m] [0m[0mLoad.apply: resolveProjects took 51.2345ms[0m
[0m[[0m[0mdebug[0m] [0m[0mLoad.apply: finalTransforms took 182.0464ms[0m
[0m[[0m[0mdebug[0m] [0m[0mLoad.apply: config.delegates took 15.798ms[0m
[0m[[0m[0mdebug[0m] [0m[0mLoad.apply: Def.make(settings)... took 949.9653ms[0m
[0m[[0m[0mdebug[0m] [0m[0mLoad.apply: structureIndex took 362.8979ms[0m
[0m[[0m[0mdebug[0m] [0m[0mLoad.apply: mkStreams took 3.414ms[0m
[0m[[0m[0minfo[0m] [0m[0mset current project to hw10 (in build file:/C:/Users/aden.clymer/OneDrive%20-%20West%20Point/Classes/2025-1%20Classes/Day%202/CS478/hw10/)[0m
[0m[[0m[0mdebug[0m] [0m[0m> Exec(sbtPopOnFailure, None, None)[0m
[0m[[0m[0mdebug[0m] [0m[0m> Exec(resumeFromFailure, None, None)[0m
[0m[[0m[0mdebug[0m] [0m[0m> Exec(notifyUsersAboutShell, None, None)[0m
[0m[[0m[0mdebug[0m] [0m[0m> Exec(iflast shell, None, None)[0m
[0m[[0m[0mdebug[0m] [0m[0m> Exec(~run, None, None)[0m
[0m[[0m[0minfo[0m] [0m[0msbt server started at local:sbt-server-2a1d024677ed3e09b1e3[0m
[0m[[0m[0mdebug[0m] [0m[0mWriting bsp connection file[0m
[0m[[0m[0minfo[0m] [0m[0mstarted sbt server[0m
[0m[[0m[0mdebug[0m] [0m[0m> Exec(__runWatch console0, None, None)[0m
[0m[[0m[0mdebug[0m] [0m[0m> Exec(sbtStashOnFailure, None, None)[0m
[0m[[0m[0mdebug[0m] [0m[0m> Exec(__preWatch console0, None, None)[0m
[0m[[0m[0mdebug[0m] [0m[0m> Exec(run, None, None)[0m
[0m[[0m[0mdebug[0m] [0m[0mEvaluating tasks: Compile / run[0m
[0m[[0m[0mdebug[0m] [0m[0mRunning task... Cancel: Signal, check cycles: false, forcegc: true[0m
[0m[[0m[31merror[0m] [0m[0mjava.lang.RuntimeException: No main class detected.[0m
[0m[[0m[31merror[0m] [0m[0m	at scala.sys.package$.error(package.scala:30)[0m
[0m[[0m[31merror[0m] [0m[0m	at sbt.Defaults$.$anonfun$bgRunTask$4(Defaults.scala:1970)[0m
[0m[[0m[31merror[0m] [0m[0m	at scala.Option.getOrElse(Option.scala:189)[0m
[0m[[0m[31merror[0m] [0m[0m	at sbt.Defaults$.$anonfun$bgRunTask$3(Defaults.scala:1970)[0m
[0m[[0m[31merror[0m] [0m[0m	at scala.Function1.$anonfun$compose$1(Function1.scala:49)[0m
[0m[[0m[31merror[0m] [0m[0m	at sbt.internal.util.$tilde$greater.$anonfun$$u2219$1(TypeFunctions.scala:62)[0m
[0m[[0m[31merror[0m] [0m[0m	at sbt.std.Transform$$anon$4.work(Transform.scala:68)[0m
[0m[[0m[31merror[0m] [0m[0m	at sbt.Execute.$anonfun$submit$2(Execute.scala:282)[0m
[0m[[0m[31merror[0m] [0m[0m	at sbt.internal.util.ErrorHandling$.wideConvert(ErrorHandling.scala:23)[0m
[0m[[0m[31merror[0m] [0m[0m	at sbt.Execute.work(Execute.scala:291)[0m
[0m[[0m[31merror[0m] [0m[0m	at sbt.Execute.$anonfun$submit$1(Execute.scala:282)[0m
[0m[[0m[31merror[0m] [0m[0m	at sbt.ConcurrentRestrictions$$anon$4.$anonfun$submitValid$1(ConcurrentRestrictions.scala:265)[0m
[0m[[0m[31merror[0m] [0m[0m	at sbt.CompletionService$$anon$2.call(CompletionService.scala:64)[0m
[0m[[0m[31merror[0m] [0m[0m	at java.base/java.util.concurrent.FutureTask.run(FutureTask.java:317)[0m
[0m[[0m[31merror[0m] [0m[0m	at java.base/java.util.concurrent.Executors$RunnableAdapter.call(Executors.java:572)[0m
[0m[[0m[31merror[0m] [0m[0m	at java.base/java.util.concurrent.FutureTask.run(FutureTask.java:317)[0m
[0m[[0m[31merror[0m] [0m[0m	at java.base/java.util.concurrent.ThreadPoolExecutor.runWorker(ThreadPoolExecutor.java:1144)[0m
[0m[[0m[31merror[0m] [0m[0m	at java.base/java.util.concurrent.ThreadPoolExecutor$Worker.run(ThreadPoolExecutor.java:642)[0m
[0m[[0m[31merror[0m] [0m[0m	at java.base/java.lang.Thread.run(Thread.java:1583)[0m
[0m[[0m[31merror[0m] [0m[0m(Compile / [31mbgRun[0m) No main class detected.[0m
[0m[[0m[31merror[0m] [0m[0mTotal time: 4 s, completed Nov 8, 2024, 12:24:03 AM[0m
[0m[[0m[0mdebug[0m] [0m[0m> Exec(resumeFromFailure, None, None)[0m
[0m[[0m[0mdebug[0m] [0m[0m> Exec(sbtPopOnFailure, None, None)[0m
[0m[[0m[0mdebug[0m] [0m[0m> Exec(__postWatch console0, None, None)[0m
[0m[[0m[0mdebug[0m] [0m[0m> Exec(__waitWatch console0, None, None)[0m
