2025.04.28 08:46:02 INFO  Started: Metals version 1.5.2 in folders 'C:\Users\aden.clymer\OneDrive - West Point\Classes\2025-2 Classes\Day 1\CS385\hw11-Careless03' for client Visual Studio Code 1.99.3.
2025.04.28 08:46:06 INFO  no build target found for C:\Users\aden.clymer\OneDrive - West Point\Classes\2025-2 Classes\Day 1\CS385\hw11-Careless03\hw11.scala. Using presentation compiler with project's scala-library version: 3.3.5
2025.04.28 08:46:18 INFO  running 'C:\Program Files\Java\jdk-17\bin\java.exe -Djline.terminal=jline.UnsupportedTerminal -Dsbt.log.noformat=true -Dfile.encoding=UTF-8 -jar C:\Users\ADEN~1.CLY\AppData\Local\Temp\metals17029805920700229739\sbt-launch.jar -Dbloop.export-jar-classifiers=sources bloopInstall'
2025.04.28 08:46:24 INFO  [info] welcome to sbt 1.9.0 (Oracle Corporation Java 17.0.12)
2025.04.28 08:46:25 INFO  no build target found for C:\Users\aden.clymer\OneDrive - West Point\Classes\2025-2 Classes\Day 1\CS385\hw11-Careless03\hw11.scala. Using presentation compiler with project's scala-library version: 3.3.5
2025.04.28 08:46:25 INFO  no build target found for C:\Users\aden.clymer\OneDrive - West Point\Classes\2025-2 Classes\Day 1\CS385\hw11-Careless03\hw11.scala. Using presentation compiler with project's scala-library version: 3.3.5
2025.04.28 08:46:25 INFO  no build target found for C:\Users\aden.clymer\OneDrive - West Point\Classes\2025-2 Classes\Day 1\CS385\hw11-Careless03\hw11.scala. Using presentation compiler with project's scala-library version: 3.3.5
2025.04.28 08:46:26 INFO  no build target found for C:\Users\aden.clymer\OneDrive - West Point\Classes\2025-2 Classes\Day 1\CS385\hw11-Careless03\hw11.scala. Using presentation compiler with project's scala-library version: 3.3.5
2025.04.28 08:46:28 INFO  no build target found for C:\Users\aden.clymer\OneDrive - West Point\Classes\2025-2 Classes\Day 1\CS385\hw11-Careless03\hw11.scala. Using presentation compiler with project's scala-library version: 3.3.5
2025.04.28 08:46:28 INFO  no build target found for C:\Users\aden.clymer\OneDrive - West Point\Classes\2025-2 Classes\Day 1\CS385\hw11-Careless03\hw11.scala. Using presentation compiler with project's scala-library version: 3.3.5
2025.04.28 08:46:29 INFO  no build target found for C:\Users\aden.clymer\OneDrive - West Point\Classes\2025-2 Classes\Day 1\CS385\hw11-Careless03\hw11.scala. Using presentation compiler with project's scala-library version: 3.3.5
2025.04.28 08:46:32 INFO  [info] loading settings for project hw11-careless03-build-build from metals.sbt ...
2025.04.28 08:46:35 INFO  [info] loading project definition from C:\Users\aden.clymer\OneDrive - West Point\Classes\2025-2 Classes\Day 1\CS385\hw11-Careless03\project\project
2025.04.28 08:46:39 ERROR scalafmt: C:\Users\aden.clymer\OneDrive - West Point\Classes\2025-2 Classes\Day 1\CS385\hw11-Careless03\hw11.scala:5: error: [dialect scala213] identifier expected but case found
  case Node(row: Int, col: Int)
  ^
2025.04.28 08:46:39 INFO  no build target found for C:\Users\aden.clymer\OneDrive - West Point\Classes\2025-2 Classes\Day 1\CS385\hw11-Careless03\hw11.scala. Using presentation compiler with project's scala-library version: 3.3.5
2025.04.28 08:46:39 WARN  no build target for: C:\Users\aden.clymer\OneDrive - West Point\Classes\2025-2 Classes\Day 1\CS385\hw11-Careless03\hw11.scala
2025.04.28 08:46:39 INFO  no build target found for C:\Users\aden.clymer\OneDrive - West Point\Classes\2025-2 Classes\Day 1\CS385\hw11-Careless03\hw11.scala. Using presentation compiler with project's scala-library version: 3.3.5
2025.04.28 08:46:45 INFO  [info] loading settings for project hw11-careless03-build from metals.sbt ...
2025.04.28 08:46:45 INFO  [info] loading project definition from C:\Users\aden.clymer\OneDrive - West Point\Classes\2025-2 Classes\Day 1\CS385\hw11-Careless03\project
2025.04.28 08:46:56 INFO  [success] Generated .bloop\hw11-careless03-build.json
2025.04.28 08:46:56 INFO  [success] Total time: 10 s, completed Apr 28, 2025, 8:46:56 AM
2025.04.28 08:47:02 INFO  [info] loading settings for project root from build.sbt ...
2025.04.28 08:47:02 INFO  [info] set current project to homeworks (in build file:/C:/Users/aden.clymer/OneDrive%20-%20West%20Point/Classes/2025-2%20Classes/Day%201/CS385/hw11-Careless03/)
2025.04.28 08:47:07 INFO  [success] Total time: 3 s, completed Apr 28, 2025, 8:47:07 AM
2025.04.28 08:47:07 INFO  time: ran 'sbt bloopInstall' in 49s
2025.04.28 08:47:07 INFO  Attempting to connect to the build server...
2025.04.28 08:47:07 INFO  Found a Bloop server running
2025.04.28 08:47:09 INFO  tracing is disabled for protocol BSP, to enable tracing of incoming and outgoing JSON messages create an empty file at C:\Users\aden.clymer\OneDrive - West Point\Classes\2025-2 Classes\Day 1\CS385\hw11-Careless03\.metals\bsp.trace.json or C:\Users\aden.clymer\AppData\Local\scalameta\metals\cache\bsp.trace.json
2025.04.28 08:47:09 INFO  Attempting to connect to the build server...
2025.04.28 08:47:09 INFO  Found a Bloop server running
2025.04.28 08:47:11 INFO  tracing is disabled for protocol BSP, to enable tracing of incoming and outgoing JSON messages create an empty file at C:\Users\aden.clymer\OneDrive - West Point\Classes\2025-2 Classes\Day 1\CS385\hw11-Careless03\project\.metals\bsp.trace.json or C:\Users\aden.clymer\AppData\Local\scalameta\metals\cache\bsp.trace.json
2025.04.28 08:47:11 INFO  time: Connected to build server in 3.48s
2025.04.28 08:47:11 INFO  Connected to Build server: Bloop v2.0.9
2025.04.28 08:47:11 INFO  time: Imported build in 0.15s
2025.04.28 08:47:11 WARN  3.3.3 is no longer supported in the current Metals versions, using the last known supported version 1.5.1
2025.04.28 08:47:12 INFO  Required scalafmt dialect rewrite to 'scala3'. Directories:
- hw11.scala
2025.04.28 08:47:51 INFO  time: indexed workspace in 40s
2025.04.28 08:47:52 INFO  compiling root (1 scala source)
2025.04.28 08:47:56 INFO  time: compiled root in 4.71s
2025.04.28 08:47:56 INFO  compiling root-test (1 scala source)
2025.04.28 08:48:01 INFO  time: compiled root-test in 4.66s
Apr 28, 2025 8:48:36 AM org.eclipse.lsp4j.jsonrpc.RemoteEndpoint handleCancellation
WARNING: Unmatched cancel notification for request id 42
2025.04.28 10:09:38 INFO  Shutting down server
2025.04.28 10:09:38 INFO  shutting down Metals
2025.04.28 10:09:38 INFO  Shut down connection with build server.
2025.04.28 10:09:38 INFO  Shut down connection with build server.
2025.04.28 10:09:40 INFO  Exiting server
2025.04.29 18:23:11 INFO  Started: Metals version 1.5.2 in folders 'C:\Users\aden.clymer\OneDrive - West Point\Classes\2025-2 Classes\Day 1\CS385\hw11-Careless03' for client Visual Studio Code 1.99.3.
2025.04.29 18:23:13 INFO  no build target found for C:\Users\aden.clymer\OneDrive - West Point\Classes\2025-2 Classes\Day 1\CS385\hw11-Careless03\hw11.scala. Using presentation compiler with project's scala-library version: 3.3.5
2025.04.29 18:23:15 INFO  no build target found for C:\Users\aden.clymer\OneDrive - West Point\Classes\2025-2 Classes\Day 1\CS385\hw11-Careless03\hw11.scala. Using presentation compiler with project's scala-library version: 3.3.5
2025.04.29 18:23:15 INFO  Attempting to connect to the build server...
2025.04.29 18:23:15 INFO  No running Bloop server found, starting one.
2025.04.29 18:23:17 INFO  Starting compilation server
2025.04.29 18:23:21 INFO  tracing is disabled for protocol BSP, to enable tracing of incoming and outgoing JSON messages create an empty file at C:\Users\aden.clymer\OneDrive - West Point\Classes\2025-2 Classes\Day 1\CS385\hw11-Careless03\.metals\bsp.trace.json or C:\Users\aden.clymer\AppData\Local\scalameta\metals\cache\bsp.trace.json
2025.04.29 18:23:22 INFO  Attempting to connect to the build server...
2025.04.29 18:23:22 INFO  Found a Bloop server running
2025.04.29 18:23:23 INFO  tracing is disabled for protocol BSP, to enable tracing of incoming and outgoing JSON messages create an empty file at C:\Users\aden.clymer\OneDrive - West Point\Classes\2025-2 Classes\Day 1\CS385\hw11-Careless03\project\.metals\bsp.trace.json or C:\Users\aden.clymer\AppData\Local\scalameta\metals\cache\bsp.trace.json
2025.04.29 18:23:23 INFO  time: Connected to build server in 8.52s
2025.04.29 18:23:23 INFO  Connected to Build server: Bloop v2.0.9
2025.04.29 18:23:24 INFO  time: Imported build in 0.3s
2025.04.29 18:23:24 WARN  3.3.3 is no longer supported in the current Metals versions, using the last known supported version 1.5.1
2025.04.29 18:23:25 INFO  Required scalafmt dialect rewrite to 'scala3'. Directories:
- hw11.scala
2025.04.29 18:23:34 ERROR scalafmt: C:\Users\aden.clymer\OneDrive - West Point\Classes\2025-2 Classes\Day 1\CS385\hw11-Careless03\hw11.scala:5: error: [dialect scala213] identifier expected but case found
  case Node(row: Int, col: Int)
  ^
2025.04.29 18:23:34 INFO  time: indexed workspace in 10s
2025.04.29 18:23:35 INFO  Deduplicating compilation of root from bsp client 'Metals 1.5.2' (since 13.147s)
2025.04.29 18:23:35 INFO  compiling root (1 scala source)
2025.04.29 18:23:35 INFO  compiling root (1 scala source)
2025.04.29 18:23:42 INFO  time: compiled root in 6.66s
2025.04.29 18:23:42 INFO  compiling root-test (1 scala source)
2025.04.29 18:23:44 INFO  time: compiled root-test in 2.19s
2025.04.29 18:23:56 INFO  skipping build import with status 'Installed'
2025.04.29 18:23:56 INFO  Disconnecting from Bloop session...
2025.04.29 18:23:56 INFO  Cancelling compilation on Bloop server
2025.04.29 18:23:56 INFO  Shut down connection with build server.
2025.04.29 18:23:56 INFO  Shut down connection with build server.
2025.04.29 18:23:56 INFO  Attempting to connect to the build server...
2025.04.29 18:23:56 INFO  Found a Bloop server running
2025.04.29 18:23:56 INFO  tracing is disabled for protocol BSP, to enable tracing of incoming and outgoing JSON messages create an empty file at C:\Users\aden.clymer\OneDrive - West Point\Classes\2025-2 Classes\Day 1\CS385\hw11-Careless03\.metals\bsp.trace.json or C:\Users\aden.clymer\AppData\Local\scalameta\metals\cache\bsp.trace.json
2025.04.29 18:23:57 INFO  Attempting to connect to the build server...
2025.04.29 18:23:57 INFO  Found a Bloop server running
2025.04.29 18:23:57 INFO  tracing is disabled for protocol BSP, to enable tracing of incoming and outgoing JSON messages create an empty file at C:\Users\aden.clymer\OneDrive - West Point\Classes\2025-2 Classes\Day 1\CS385\hw11-Careless03\project\.metals\bsp.trace.json or C:\Users\aden.clymer\AppData\Local\scalameta\metals\cache\bsp.trace.json
2025.04.29 18:23:58 INFO  time: Connected to build server in 1.91s
2025.04.29 18:23:58 INFO  Connected to Build server: Bloop v2.0.9
2025.04.29 18:24:01 INFO  time: indexed workspace in 3.53s
2025.04.29 18:24:02 INFO  time: compiled root in 96ms
2025.04.29 18:24:02 INFO  compiling root-test (1 scala source)
2025.04.29 18:24:04 INFO  time: compiled root-test in 2.46s
Apr 29, 2025 6:34:44 PM scala.meta.internal.metals.StdReporter $anonfun$create$1
WARNING: empty definition using pc, found symbol in pc: `<none>`. (full report at: C:\Users\aden.clymer\OneDrive - West Point\Classes\2025-2 Classes\Day 1\CS385\hw11-Careless03\.metals\.reports\metals-full\2025-04-29\r_empty-definition_(root)_18-34-44-122.md)
Exception in thread "pool-9-thread-1" java.lang.InterruptedException
	at scala.meta.internal.metals.FutureCancelToken.checkCanceled(FutureCancelToken.scala:29)
	at scala.meta.internal.pc.CompilerAccess.onCompilerJobQueue$$anonfun$1(CompilerAccess.scala:207)
	at scala.meta.internal.pc.CompilerJobQueue$Job.run(CompilerJobQueue.scala:152)
	at java.base/java.util.concurrent.ThreadPoolExecutor.runWorker(ThreadPoolExecutor.java:1136)
	at java.base/java.util.concurrent.ThreadPoolExecutor$Worker.run(ThreadPoolExecutor.java:635)
	at java.base/java.lang.Thread.run(Thread.java:842)
Apr 29, 2025 6:34:45 PM scala.meta.internal.metals.StdReporter $anonfun$create$1
WARNING: empty definition using pc, found symbol in pc:  (full report at: C:\Users\aden.clymer\OneDrive - West Point\Classes\2025-2 Classes\Day 1\CS385\hw11-Careless03\.metals\.reports\metals-full\2025-04-29\r_empty-definition_(root)_18-34-45-895.md)
Apr 29, 2025 6:34:45 PM org.eclipse.lsp4j.jsonrpc.RemoteEndpoint handleCancellation
WARNING: Unmatched cancel notification for request id 128
Exception in thread "pool-9-thread-2" java.lang.InterruptedException
	at scala.meta.internal.metals.FutureCancelToken.checkCanceled(FutureCancelToken.scala:29)
	at scala.meta.internal.pc.CompilerAccess.onCompilerJobQueue$$anonfun$1(CompilerAccess.scala:207)
	at scala.meta.internal.pc.CompilerJobQueue$Job.run(CompilerJobQueue.scala:152)
	at java.base/java.util.concurrent.ThreadPoolExecutor.runWorker(ThreadPoolExecutor.java:1136)
	at java.base/java.util.concurrent.ThreadPoolExecutor$Worker.run(ThreadPoolExecutor.java:635)
	at java.base/java.lang.Thread.run(Thread.java:842)
2025.04.29 18:34:50 INFO  skipping build import with status 'Installed'
2025.04.29 18:34:50 INFO  Disconnecting from Bloop session...
2025.04.29 18:34:50 INFO  Shut down connection with build server.
2025.04.29 18:34:50 INFO  Shut down connection with build server.
2025.04.29 18:34:50 INFO  Cancelling compilation on Bloop server
2025.04.29 18:34:50 INFO  Attempting to connect to the build server...
2025.04.29 18:34:50 INFO  Found a Bloop server running
2025.04.29 18:34:51 INFO  tracing is disabled for protocol BSP, to enable tracing of incoming and outgoing JSON messages create an empty file at C:\Users\aden.clymer\OneDrive - West Point\Classes\2025-2 Classes\Day 1\CS385\hw11-Careless03\.metals\bsp.trace.json or C:\Users\aden.clymer\AppData\Local\scalameta\metals\cache\bsp.trace.json
2025.04.29 18:34:51 INFO  Attempting to connect to the build server...
2025.04.29 18:34:51 INFO  Found a Bloop server running
2025.04.29 18:34:52 INFO  tracing is disabled for protocol BSP, to enable tracing of incoming and outgoing JSON messages create an empty file at C:\Users\aden.clymer\OneDrive - West Point\Classes\2025-2 Classes\Day 1\CS385\hw11-Careless03\project\.metals\bsp.trace.json or C:\Users\aden.clymer\AppData\Local\scalameta\metals\cache\bsp.trace.json
2025.04.29 18:34:51 INFO  time: Connected to build server in 2.06s
2025.04.29 18:34:51 INFO  Connected to Build server: Bloop v2.0.9
2025.04.29 18:34:55 INFO  time: indexed workspace in 3.51s
2025.04.29 18:34:55 INFO  compiling root (1 scala source)
2025.04.29 18:34:57 INFO  time: compiled root in 1.86s
Apr 29, 2025 6:35:18 PM org.eclipse.lsp4j.jsonrpc.RemoteEndpoint handleCancellation
WARNING: Unmatched cancel notification for request id 223
Apr 29, 2025 6:35:52 PM org.eclipse.lsp4j.jsonrpc.RemoteEndpoint handleCancellation
WARNING: Unmatched cancel notification for request id 543
Apr 29, 2025 6:36:07 PM scala.meta.internal.metals.StdReporter create$$anonfun$1
SEVERE: java.lang.IllegalArgumentException: Comparison method violates its general contract! (full report at: C:\Users\aden.clymer\OneDrive - West Point\Classes\2025-2 Classes\Day 1\CS385\hw11-Careless03\.metals\.reports\metals-full\2025-04-29\r_compiler-error_(root)_18-36-07-642.md)
Apr 29, 2025 6:36:10 PM org.eclipse.lsp4j.jsonrpc.RemoteEndpoint handleCancellation
WARNING: Unmatched cancel notification for request id 656
Apr 29, 2025 6:36:20 PM org.eclipse.lsp4j.jsonrpc.RemoteEndpoint handleCancellation
WARNING: Unmatched cancel notification for request id 694
Apr 29, 2025 6:36:21 PM org.eclipse.lsp4j.jsonrpc.RemoteEndpoint handleCancellation
WARNING: Unmatched cancel notification for request id 705
Apr 29, 2025 6:36:22 PM org.eclipse.lsp4j.jsonrpc.RemoteEndpoint handleCancellation
WARNING: Unmatched cancel notification for request id 710
Apr 29, 2025 6:36:23 PM org.eclipse.lsp4j.jsonrpc.RemoteEndpoint handleCancellation
WARNING: Unmatched cancel notification for request id 722
Apr 29, 2025 6:36:23 PM org.eclipse.lsp4j.jsonrpc.RemoteEndpoint handleCancellation
WARNING: Unmatched cancel notification for request id 728
2025.04.29 18:36:28 ERROR scalafmt: C:\Users\aden.clymer\OneDrive - West Point\Classes\2025-2 Classes\Day 1\CS385\hw11-Careless03\hw11.scala:40: error: [dialect scala3] illegal start of simple expression
      ): Array[Array[Cell]] =
                             ^
Apr 29, 2025 6:36:28 PM org.eclipse.lsp4j.jsonrpc.RemoteEndpoint handleCancellation
WARNING: Unmatched cancel notification for request id 769
2025.04.29 18:36:28 INFO  skipping build import with status 'Installed'
2025.04.29 18:36:28 INFO  Disconnecting from Bloop session...
2025.04.29 18:36:28 INFO  Cancelling compilation on Bloop server
2025.04.29 18:36:28 INFO  Shut down connection with build server.
2025.04.29 18:36:28 INFO  compiling root (1 scala source)
2025.04.29 18:36:30 INFO  time: compiled root in 1.35s
2025.04.29 18:36:30 INFO  Shut down connection with build server.
2025.04.29 18:36:30 INFO  Attempting to connect to the build server...
2025.04.29 18:36:30 INFO  Found a Bloop server running
2025.04.29 18:36:30 INFO  tracing is disabled for protocol BSP, to enable tracing of incoming and outgoing JSON messages create an empty file at C:\Users\aden.clymer\OneDrive - West Point\Classes\2025-2 Classes\Day 1\CS385\hw11-Careless03\.metals\bsp.trace.json or C:\Users\aden.clymer\AppData\Local\scalameta\metals\cache\bsp.trace.json
2025.04.29 18:36:31 INFO  Attempting to connect to the build server...
2025.04.29 18:36:31 INFO  Found a Bloop server running
2025.04.29 18:36:31 INFO  tracing is disabled for protocol BSP, to enable tracing of incoming and outgoing JSON messages create an empty file at C:\Users\aden.clymer\OneDrive - West Point\Classes\2025-2 Classes\Day 1\CS385\hw11-Careless03\project\.metals\bsp.trace.json or C:\Users\aden.clymer\AppData\Local\scalameta\metals\cache\bsp.trace.json
2025.04.29 18:36:31 INFO  time: Connected to build server in 1.82s
2025.04.29 18:36:31 INFO  Connected to Build server: Bloop v2.0.9
2025.04.29 18:36:31 INFO  time: Imported build in 0.12s
Exception in thread "pool-13-thread-1" java.lang.InterruptedException
	at scala.meta.internal.metals.FutureCancelToken.checkCanceled(FutureCancelToken.scala:29)
	at scala.meta.internal.pc.CompilerAccess.onCompilerJobQueue$$anonfun$1(CompilerAccess.scala:207)
	at scala.meta.internal.pc.CompilerJobQueue$Job.run(CompilerJobQueue.scala:152)
	at java.base/java.util.concurrent.ThreadPoolExecutor.runWorker(ThreadPoolExecutor.java:1136)
	at java.base/java.util.concurrent.ThreadPoolExecutor$Worker.run(ThreadPoolExecutor.java:635)
	at java.base/java.lang.Thread.run(Thread.java:842)
2025.04.29 18:36:35 INFO  time: indexed workspace in 3.24s
2025.04.29 18:36:35 INFO  compiling root (1 scala source)
2025.04.29 18:36:35 INFO  time: compiled root in 0.78s
Apr 29, 2025 6:36:43 PM org.eclipse.lsp4j.jsonrpc.RemoteEndpoint handleCancellation
WARNING: Unmatched cancel notification for request id 825
Apr 29, 2025 6:36:45 PM org.eclipse.lsp4j.jsonrpc.RemoteEndpoint handleCancellation
WARNING: Unmatched cancel notification for request id 844
Apr 29, 2025 6:36:45 PM org.eclipse.lsp4j.jsonrpc.RemoteEndpoint handleCancellation
WARNING: Unmatched cancel notification for request id 848
Apr 29, 2025 6:36:45 PM org.eclipse.lsp4j.jsonrpc.RemoteEndpoint handleCancellation
WARNING: Unmatched cancel notification for request id 851
Apr 29, 2025 6:36:45 PM org.eclipse.lsp4j.jsonrpc.RemoteEndpoint handleCancellation
WARNING: Unmatched cancel notification for request id 854
2025.04.29 18:36:50 ERROR scalafmt: C:\Users\aden.clymer\OneDrive - West Point\Classes\2025-2 Classes\Day 1\CS385\hw11-Careless03\hw11.scala:45: error: [dialect scala3] illegal start of simple expression
      ): Array[Array[Cell]] =
                             ^
2025.04.29 18:36:51 INFO  skipping build import with status 'Installed'
2025.04.29 18:36:51 INFO  Disconnecting from Bloop session...
2025.04.29 18:36:51 INFO  Cancelling compilation on Bloop server
2025.04.29 18:36:51 INFO  Shut down connection with build server.
2025.04.29 18:36:51 INFO  Shut down connection with build server.
2025.04.29 18:36:51 INFO  Scala main classes not supported by server
2025.04.29 18:36:51 INFO  Scala test classes not supported by server
2025.04.29 18:36:51 INFO  Attempting to connect to the build server...
2025.04.29 18:36:51 INFO  Found a Bloop server running
2025.04.29 18:36:51 INFO  compiling root (1 scala source)
2025.04.29 18:36:52 INFO  tracing is disabled for protocol BSP, to enable tracing of incoming and outgoing JSON messages create an empty file at C:\Users\aden.clymer\OneDrive - West Point\Classes\2025-2 Classes\Day 1\CS385\hw11-Careless03\.metals\bsp.trace.json or C:\Users\aden.clymer\AppData\Local\scalameta\metals\cache\bsp.trace.json
2025.04.29 18:36:52 INFO  Attempting to connect to the build server...
2025.04.29 18:36:52 INFO  Found a Bloop server running
2025.04.29 18:36:52 INFO  time: compiled root in 1.69s
2025.04.29 18:36:52 INFO  tracing is disabled for protocol BSP, to enable tracing of incoming and outgoing JSON messages create an empty file at C:\Users\aden.clymer\OneDrive - West Point\Classes\2025-2 Classes\Day 1\CS385\hw11-Careless03\project\.metals\bsp.trace.json or C:\Users\aden.clymer\AppData\Local\scalameta\metals\cache\bsp.trace.json
2025.04.29 18:36:52 INFO  time: Connected to build server in 2.46s
2025.04.29 18:36:52 INFO  Connected to Build server: Bloop v2.0.9
2025.04.29 18:36:56 INFO  time: indexed workspace in 2.95s
2025.04.29 18:36:56 INFO  compiling root (1 scala source)
2025.04.29 18:36:57 INFO  time: compiled root in 1.18s
2025.04.29 18:37:08 ERROR scalafmt: C:\Users\aden.clymer\OneDrive - West Point\Classes\2025-2 Classes\Day 1\CS385\hw11-Careless03\hw11.scala:57: error: [dialect scala3] illegal start of simple expression
    val rows = maze.length
    ^
2025.04.29 18:37:08 INFO  skipping build import with status 'Installed'
2025.04.29 18:37:08 INFO  Disconnecting from Bloop session...
2025.04.29 18:37:08 INFO  Shut down connection with build server.
2025.04.29 18:37:08 INFO  Cancelling compilation on Bloop server
2025.04.29 18:37:08 INFO  Shut down connection with build server.
2025.04.29 18:37:08 INFO  Scala test classes not supported by server
2025.04.29 18:37:08 INFO  Scala main classes not supported by server
2025.04.29 18:37:08 INFO  Attempting to connect to the build server...
2025.04.29 18:37:08 INFO  Found a Bloop server running
2025.04.29 18:37:08 INFO  compiling root (1 scala source)
2025.04.29 18:37:09 INFO  tracing is disabled for protocol BSP, to enable tracing of incoming and outgoing JSON messages create an empty file at C:\Users\aden.clymer\OneDrive - West Point\Classes\2025-2 Classes\Day 1\CS385\hw11-Careless03\.metals\bsp.trace.json or C:\Users\aden.clymer\AppData\Local\scalameta\metals\cache\bsp.trace.json
2025.04.29 18:37:08 INFO  Attempting to connect to the build server...
2025.04.29 18:37:08 INFO  Found a Bloop server running
2025.04.29 18:37:08 INFO  time: compiled root in 0.96s
2025.04.29 18:37:10 INFO  tracing is disabled for protocol BSP, to enable tracing of incoming and outgoing JSON messages create an empty file at C:\Users\aden.clymer\OneDrive - West Point\Classes\2025-2 Classes\Day 1\CS385\hw11-Careless03\project\.metals\bsp.trace.json or C:\Users\aden.clymer\AppData\Local\scalameta\metals\cache\bsp.trace.json
2025.04.29 18:37:10 INFO  time: Connected to build server in 1.76s
2025.04.29 18:37:10 INFO  Connected to Build server: Bloop v2.0.9
2025.04.29 18:37:13 INFO  time: indexed workspace in 3.3s
2025.04.29 18:37:13 INFO  compiling root (1 scala source)
2025.04.29 18:37:13 INFO  time: compiled root in 0.78s
Exception in thread "pool-17-thread-1" java.lang.InterruptedException
	at scala.meta.internal.metals.FutureCancelToken.checkCanceled(FutureCancelToken.scala:29)
	at scala.meta.internal.pc.CompilerAccess.onCompilerJobQueue$$anonfun$1(CompilerAccess.scala:207)
	at scala.meta.internal.pc.CompilerJobQueue$Job.run(CompilerJobQueue.scala:152)
	at java.base/java.util.concurrent.ThreadPoolExecutor.runWorker(ThreadPoolExecutor.java:1136)
	at java.base/java.util.concurrent.ThreadPoolExecutor$Worker.run(ThreadPoolExecutor.java:635)
	at java.base/java.lang.Thread.run(Thread.java:842)
Apr 29, 2025 6:37:19 PM scala.meta.internal.metals.StdReporter $anonfun$create$1
WARNING: empty definition using pc, found symbol in pc: `<none>`. (full report at: C:\Users\aden.clymer\OneDrive - West Point\Classes\2025-2 Classes\Day 1\CS385\hw11-Careless03\.metals\.reports\metals-full\2025-04-29\r_empty-definition_(root)_18-34-44-122.md)
Apr 29, 2025 6:37:24 PM org.eclipse.lsp4j.jsonrpc.RemoteEndpoint handleCancellation
WARNING: Unmatched cancel notification for request id 1041
Apr 29, 2025 6:37:24 PM org.eclipse.lsp4j.jsonrpc.RemoteEndpoint handleCancellation
WARNING: Unmatched cancel notification for request id 1046
Apr 29, 2025 6:37:24 PM org.eclipse.lsp4j.jsonrpc.RemoteEndpoint handleCancellation
WARNING: Unmatched cancel notification for request id 1049
Apr 29, 2025 6:37:25 PM org.eclipse.lsp4j.jsonrpc.RemoteEndpoint handleCancellation
WARNING: Unmatched cancel notification for request id 1052
Apr 29, 2025 6:37:25 PM org.eclipse.lsp4j.jsonrpc.RemoteEndpoint handleCancellation
WARNING: Unmatched cancel notification for request id 1054
Apr 29, 2025 6:37:26 PM org.eclipse.lsp4j.jsonrpc.RemoteEndpoint handleCancellation
WARNING: Unmatched cancel notification for request id 1064
Apr 29, 2025 6:37:27 PM org.eclipse.lsp4j.jsonrpc.RemoteEndpoint handleCancellation
WARNING: Unmatched cancel notification for request id 1072
Apr 29, 2025 6:37:27 PM org.eclipse.lsp4j.jsonrpc.RemoteEndpoint handleCancellation
WARNING: Unmatched cancel notification for request id 1075
Apr 29, 2025 6:37:29 PM org.eclipse.lsp4j.jsonrpc.RemoteEndpoint handleCancellation
WARNING: Unmatched cancel notification for request id 1098
Apr 29, 2025 6:37:30 PM org.eclipse.lsp4j.jsonrpc.RemoteEndpoint handleCancellation
WARNING: Unmatched cancel notification for request id 1110
Apr 29, 2025 6:37:31 PM org.eclipse.lsp4j.jsonrpc.RemoteEndpoint handleCancellation
WARNING: Unmatched cancel notification for request id 1126
Apr 29, 2025 6:37:35 PM scala.meta.internal.metals.StdReporter $anonfun$create$1
WARNING: empty definition using pc, found symbol in pc: `<none>`. (full report at: C:\Users\aden.clymer\OneDrive - West Point\Classes\2025-2 Classes\Day 1\CS385\hw11-Careless03\.metals\.reports\metals-full\2025-04-29\r_empty-definition_(root)_18-34-44-122.md)
Apr 29, 2025 6:37:35 PM scala.meta.internal.metals.StdReporter $anonfun$create$1
WARNING: empty definition using pc, found symbol in pc: `<none>`. (full report at: C:\Users\aden.clymer\OneDrive - West Point\Classes\2025-2 Classes\Day 1\CS385\hw11-Careless03\.metals\.reports\metals-full\2025-04-29\r_empty-definition_(root)_18-34-44-122.md)
Apr 29, 2025 6:37:35 PM scala.meta.internal.metals.StdReporter $anonfun$create$1
WARNING: empty definition using pc, found symbol in pc: `<none>`. (full report at: C:\Users\aden.clymer\OneDrive - West Point\Classes\2025-2 Classes\Day 1\CS385\hw11-Careless03\.metals\.reports\metals-full\2025-04-29\r_empty-definition_(root)_18-34-44-122.md)
2025.04.29 18:37:41 INFO  skipping build import with status 'Installed'
2025.04.29 18:37:41 INFO  Disconnecting from Bloop session...
2025.04.29 18:37:41 INFO  Cancelling compilation on Bloop server
2025.04.29 18:37:41 INFO  Shut down connection with build server.
2025.04.29 18:37:41 INFO  Shut down connection with build server.
2025.04.29 18:37:41 INFO  Scala main classes not supported by server
2025.04.29 18:37:41 INFO  Scala test classes not supported by server
2025.04.29 18:37:41 INFO  Attempting to connect to the build server...
2025.04.29 18:37:41 INFO  Found a Bloop server running
2025.04.29 18:37:41 INFO  compiling root (1 scala source)
2025.04.29 18:37:43 INFO  time: compiled root in 1.41s
2025.04.29 18:37:43 INFO  tracing is disabled for protocol BSP, to enable tracing of incoming and outgoing JSON messages create an empty file at C:\Users\aden.clymer\OneDrive - West Point\Classes\2025-2 Classes\Day 1\CS385\hw11-Careless03\.metals\bsp.trace.json or C:\Users\aden.clymer\AppData\Local\scalameta\metals\cache\bsp.trace.json
2025.04.29 18:37:43 INFO  Attempting to connect to the build server...
2025.04.29 18:37:43 INFO  Found a Bloop server running
Apr 29, 2025 6:37:44 PM scala.meta.internal.metals.StdReporter $anonfun$create$1
WARNING: empty definition using pc, found symbol in pc: `<none>`. (full report at: C:\Users\aden.clymer\OneDrive - West Point\Classes\2025-2 Classes\Day 1\CS385\hw11-Careless03\.metals\.reports\metals-full\2025-04-29\r_empty-definition_(root)_18-34-44-122.md)
2025.04.29 18:37:44 INFO  tracing is disabled for protocol BSP, to enable tracing of incoming and outgoing JSON messages create an empty file at C:\Users\aden.clymer\OneDrive - West Point\Classes\2025-2 Classes\Day 1\CS385\hw11-Careless03\project\.metals\bsp.trace.json or C:\Users\aden.clymer\AppData\Local\scalameta\metals\cache\bsp.trace.json
2025.04.29 18:37:44 INFO  time: Connected to build server in 2.94s
2025.04.29 18:37:44 INFO  Connected to Build server: Bloop v2.0.9
Apr 29, 2025 6:37:44 PM scala.meta.internal.metals.StdReporter $anonfun$create$1
WARNING: empty definition using pc, found symbol in pc: `<none>`. (full report at: C:\Users\aden.clymer\OneDrive - West Point\Classes\2025-2 Classes\Day 1\CS385\hw11-Careless03\.metals\.reports\metals-full\2025-04-29\r_empty-definition_(root)_18-34-44-122.md)
2025.04.29 18:37:44 INFO  time: Imported build in 0.14s
2025.04.29 18:37:48 INFO  time: indexed workspace in 3.14s
2025.04.29 18:37:48 INFO  compiling root (1 scala source)
2025.04.29 18:37:48 INFO  time: compiled root in 0.65s
2025.04.29 18:37:48 INFO  compiling root-test (1 scala source)
2025.04.29 18:37:49 INFO  time: compiled root-test in 0.77s
2025.04.29 18:37:53 INFO  skipping build import with status 'Installed'
2025.04.29 18:37:53 INFO  Disconnecting from Bloop session...
2025.04.29 18:37:53 INFO  Cancelling compilation on Bloop server
2025.04.29 18:37:53 INFO  Shut down connection with build server.
2025.04.29 18:37:53 INFO  Shut down connection with build server.
2025.04.29 18:37:53 INFO  Attempting to connect to the build server...
2025.04.29 18:37:53 INFO  Found a Bloop server running
2025.04.29 18:37:53 INFO  Scala test classes not supported by server
2025.04.29 18:37:54 INFO  compiling root (1 scala source)
2025.04.29 18:37:55 INFO  time: compiled root in 1.18s
2025.04.29 18:37:55 INFO  tracing is disabled for protocol BSP, to enable tracing of incoming and outgoing JSON messages create an empty file at C:\Users\aden.clymer\OneDrive - West Point\Classes\2025-2 Classes\Day 1\CS385\hw11-Careless03\.metals\bsp.trace.json or C:\Users\aden.clymer\AppData\Local\scalameta\metals\cache\bsp.trace.json
2025.04.29 18:37:55 INFO  Attempting to connect to the build server...
2025.04.29 18:37:55 INFO  Found a Bloop server running
2025.04.29 18:37:55 INFO  tracing is disabled for protocol BSP, to enable tracing of incoming and outgoing JSON messages create an empty file at C:\Users\aden.clymer\OneDrive - West Point\Classes\2025-2 Classes\Day 1\CS385\hw11-Careless03\project\.metals\bsp.trace.json or C:\Users\aden.clymer\AppData\Local\scalameta\metals\cache\bsp.trace.json
2025.04.29 18:37:56 INFO  time: Connected to build server in 2.39s
2025.04.29 18:37:56 INFO  Connected to Build server: Bloop v2.0.9
2025.04.29 18:37:59 INFO  time: indexed workspace in 2.94s
2025.04.29 18:37:59 INFO  compiling root (1 scala source)
2025.04.29 18:37:59 INFO  time: compiled root in 0.91s
2025.04.29 18:37:59 INFO  compiling root-test (1 scala source)
2025.04.29 18:38:01 INFO  time: compiled root-test in 0.76s
2025.04.29 18:39:25 INFO  Shutting down server
2025.04.29 18:39:25 INFO  shutting down Metals
2025.04.29 18:39:25 INFO  Shut down connection with build server.
2025.04.29 18:39:25 INFO  Shut down connection with build server.
2025.04.29 18:39:25 INFO  Exiting server
